<?xml version="1.0" encoding="UTF-8"?>
<!-- Generated by org.testng.reporters.JUnitXMLReporter -->
<testsuite hostname="MacBook-Pro.local" failures="0" tests="3" name="Jot.com form filling" time="4.825" errors="0" timestamp="2 Mar 2021 18:04:00 GMT">
  <testcase classname="com.JetForm.testcases.JotFormPageTest" name="verifyHomePageTitleTest" time="0.012"/>
  <testcase classname="com.JetForm.testcases.JotFormPageTest" name="EnterFormInformation" time="2.292"/>
  <testcase classname="com.JetForm.testcases.JotFormPageTest" name="verifyTitleTest" time="0.005"/>
</testsuite> <!-- Jot.com form filling -->
